2023-05-23T08:28:49+00:00 CRITICAL syntax error, unexpected end of file in /home/txdsfroc/prototype.sarahprofile.com/wp-content/themes/custom_theme/functions.php on line 256

2023-05-23T08:28:49+00:00 CRITICAL syntax error, unexpected end of file in /home/txdsfroc/prototype.sarahprofile.com/wp-content/themes/custom_theme/functions.php on line 256

2023-05-23T08:28:55+00:00 CRITICAL syntax error, unexpected end of file in /home/txdsfroc/prototype.sarahprofile.com/wp-content/themes/custom_theme/functions.php on line 256

2023-05-23T08:28:57+00:00 CRITICAL syntax error, unexpected end of file in /home/txdsfroc/prototype.sarahprofile.com/wp-content/themes/custom_theme/functions.php on line 256

2023-05-23T08:29:04+00:00 CRITICAL syntax error, unexpected end of file in /home/txdsfroc/prototype.sarahprofile.com/wp-content/themes/custom_theme/functions.php on line 256

2023-05-23T08:29:06+00:00 CRITICAL syntax error, unexpected end of file in /home/txdsfroc/prototype.sarahprofile.com/wp-content/themes/custom_theme/functions.php on line 256

2023-05-23T08:29:07+00:00 CRITICAL syntax error, unexpected end of file in /home/txdsfroc/prototype.sarahprofile.com/wp-content/themes/custom_theme/functions.php on line 256

2023-05-23T08:29:11+00:00 CRITICAL syntax error, unexpected end of file in /home/txdsfroc/prototype.sarahprofile.com/wp-content/themes/custom_theme/functions.php on line 256

2023-05-23T08:29:14+00:00 CRITICAL syntax error, unexpected end of file in /home/txdsfroc/prototype.sarahprofile.com/wp-content/themes/custom_theme/functions.php on line 256

2023-05-23T08:29:19+00:00 CRITICAL syntax error, unexpected end of file in /home/txdsfroc/prototype.sarahprofile.com/wp-content/themes/custom_theme/functions.php on line 256

2023-05-23T08:29:29+00:00 CRITICAL syntax error, unexpected end of file in /home/txdsfroc/prototype.sarahprofile.com/wp-content/themes/custom_theme/functions.php on line 256

2023-05-23T08:29:34+00:00 CRITICAL syntax error, unexpected end of file in /home/txdsfroc/prototype.sarahprofile.com/wp-content/themes/custom_theme/functions.php on line 256

2023-05-23T08:29:36+00:00 CRITICAL syntax error, unexpected end of file in /home/txdsfroc/prototype.sarahprofile.com/wp-content/themes/custom_theme/functions.php on line 256

2023-05-23T08:29:44+00:00 CRITICAL syntax error, unexpected end of file in /home/txdsfroc/prototype.sarahprofile.com/wp-content/themes/custom_theme/functions.php on line 256

2023-05-23T08:29:45+00:00 CRITICAL syntax error, unexpected end of file in /home/txdsfroc/prototype.sarahprofile.com/wp-content/themes/custom_theme/functions.php on line 256

2023-05-23T08:29:50+00:00 CRITICAL syntax error, unexpected end of file in /home/txdsfroc/prototype.sarahprofile.com/wp-content/themes/custom_theme/functions.php on line 256

2023-05-23T08:58:33+00:00 CRITICAL syntax error, unexpected '.' in /home/txdsfroc/prototype.sarahprofile.com/wp-content/themes/custom_theme/functions.php on line 239

2023-05-23T08:58:34+00:00 CRITICAL syntax error, unexpected '.' in /home/txdsfroc/prototype.sarahprofile.com/wp-content/themes/custom_theme/functions.php on line 239

2023-05-23T08:58:38+00:00 CRITICAL syntax error, unexpected '.' in /home/txdsfroc/prototype.sarahprofile.com/wp-content/themes/custom_theme/functions.php on line 239

2023-05-23T08:58:48+00:00 CRITICAL syntax error, unexpected '.' in /home/txdsfroc/prototype.sarahprofile.com/wp-content/themes/custom_theme/functions.php on line 239

2023-05-23T08:58:50+00:00 CRITICAL syntax error, unexpected '.' in /home/txdsfroc/prototype.sarahprofile.com/wp-content/themes/custom_theme/functions.php on line 239

2023-05-23T12:39:28+00:00 CRITICAL Uncaught Error: Call to undefined function get_field() in /home/txdsfroc/prototype.sarahprofile.com/wp-content/themes/custom_theme/single-product.php:13
Stack trace:
#0 /home/txdsfroc/prototype.sarahprofile.com/wp-includes/template-loader.php(106): include()
#1 /home/txdsfroc/prototype.sarahprofile.com/wp-blog-header.php(19): require_once('/home/txdsfroc/...')
#2 /home/txdsfroc/prototype.sarahprofile.com/index.php(17): require('/home/txdsfroc/...')
#3 {main}
  thrown in /home/txdsfroc/prototype.sarahprofile.com/wp-content/themes/custom_theme/single-product.php on line 13

2023-05-23T13:15:06+00:00 CRITICAL Cannot redeclare handle_custom_form_submission() (previously declared in /home/txdsfroc/prototype.sarahprofile.com/wp-content/themes/custom_theme/functions.php:295) in /home/txdsfroc/prototype.sarahprofile.com/wp-content/themes/custom_theme/functions.php on line 310

2023-05-23T13:15:15+00:00 CRITICAL Cannot redeclare handle_custom_form_submission() (previously declared in /home/txdsfroc/prototype.sarahprofile.com/wp-content/themes/custom_theme/functions.php:295) in /home/txdsfroc/prototype.sarahprofile.com/wp-content/themes/custom_theme/functions.php on line 310

2023-05-23T13:15:19+00:00 CRITICAL Cannot redeclare handle_custom_form_submission() (previously declared in /home/txdsfroc/prototype.sarahprofile.com/wp-content/themes/custom_theme/functions.php:295) in /home/txdsfroc/prototype.sarahprofile.com/wp-content/themes/custom_theme/functions.php on line 310

2023-05-23T13:15:21+00:00 CRITICAL Cannot redeclare handle_custom_form_submission() (previously declared in /home/txdsfroc/prototype.sarahprofile.com/wp-content/themes/custom_theme/functions.php:295) in /home/txdsfroc/prototype.sarahprofile.com/wp-content/themes/custom_theme/functions.php on line 310

2023-05-23T13:15:22+00:00 CRITICAL Cannot redeclare handle_custom_form_submission() (previously declared in /home/txdsfroc/prototype.sarahprofile.com/wp-content/themes/custom_theme/functions.php:295) in /home/txdsfroc/prototype.sarahprofile.com/wp-content/themes/custom_theme/functions.php on line 310

2023-05-23T13:15:32+00:00 CRITICAL Cannot redeclare handle_custom_form_submission() (previously declared in /home/txdsfroc/prototype.sarahprofile.com/wp-content/themes/custom_theme/functions.php:295) in /home/txdsfroc/prototype.sarahprofile.com/wp-content/themes/custom_theme/functions.php on line 310

2023-05-23T13:15:43+00:00 CRITICAL Cannot redeclare handle_custom_form_submission() (previously declared in /home/txdsfroc/prototype.sarahprofile.com/wp-content/themes/custom_theme/functions.php:295) in /home/txdsfroc/prototype.sarahprofile.com/wp-content/themes/custom_theme/functions.php on line 310

2023-05-23T13:15:51+00:00 CRITICAL Cannot redeclare handle_custom_form_submission() (previously declared in /home/txdsfroc/prototype.sarahprofile.com/wp-content/themes/custom_theme/functions.php:295) in /home/txdsfroc/prototype.sarahprofile.com/wp-content/themes/custom_theme/functions.php on line 310

2023-05-23T13:15:51+00:00 CRITICAL Cannot redeclare handle_custom_form_submission() (previously declared in /home/txdsfroc/prototype.sarahprofile.com/wp-content/themes/custom_theme/functions.php:295) in /home/txdsfroc/prototype.sarahprofile.com/wp-content/themes/custom_theme/functions.php on line 310

2023-05-23T13:15:51+00:00 CRITICAL Cannot redeclare handle_custom_form_submission() (previously declared in /home/txdsfroc/prototype.sarahprofile.com/wp-content/themes/custom_theme/functions.php:295) in /home/txdsfroc/prototype.sarahprofile.com/wp-content/themes/custom_theme/functions.php on line 310

2023-05-23T13:15:51+00:00 CRITICAL Cannot redeclare handle_custom_form_submission() (previously declared in /home/txdsfroc/prototype.sarahprofile.com/wp-content/themes/custom_theme/functions.php:295) in /home/txdsfroc/prototype.sarahprofile.com/wp-content/themes/custom_theme/functions.php on line 310

2023-05-23T13:16:10+00:00 CRITICAL Cannot redeclare handle_custom_form_submission() (previously declared in /home/txdsfroc/prototype.sarahprofile.com/wp-content/themes/custom_theme/functions.php:295) in /home/txdsfroc/prototype.sarahprofile.com/wp-content/themes/custom_theme/functions.php on line 310

2023-05-23T13:16:13+00:00 CRITICAL Cannot redeclare handle_custom_form_submission() (previously declared in /home/txdsfroc/prototype.sarahprofile.com/wp-content/themes/custom_theme/functions.php:295) in /home/txdsfroc/prototype.sarahprofile.com/wp-content/themes/custom_theme/functions.php on line 310

2023-05-23T13:16:15+00:00 CRITICAL Cannot redeclare handle_custom_form_submission() (previously declared in /home/txdsfroc/prototype.sarahprofile.com/wp-content/themes/custom_theme/functions.php:295) in /home/txdsfroc/prototype.sarahprofile.com/wp-content/themes/custom_theme/functions.php on line 310

2023-05-23T13:16:18+00:00 CRITICAL Cannot redeclare handle_custom_form_submission() (previously declared in /home/txdsfroc/prototype.sarahprofile.com/wp-content/themes/custom_theme/functions.php:295) in /home/txdsfroc/prototype.sarahprofile.com/wp-content/themes/custom_theme/functions.php on line 310

2023-05-23T13:16:25+00:00 CRITICAL Cannot redeclare handle_custom_form_submission() (previously declared in /home/txdsfroc/prototype.sarahprofile.com/wp-content/themes/custom_theme/functions.php:295) in /home/txdsfroc/prototype.sarahprofile.com/wp-content/themes/custom_theme/functions.php on line 310

2023-05-23T13:21:06+00:00 CRITICAL Cannot redeclare handle_custom_form_submission() (previously declared in /home/txdsfroc/prototype.sarahprofile.com/wp-content/themes/custom_theme/functions.php:295) in /home/txdsfroc/prototype.sarahprofile.com/wp-content/themes/custom_theme/functions.php on line 311

2023-05-23T13:21:18+00:00 CRITICAL Cannot redeclare handle_custom_form_submission() (previously declared in /home/txdsfroc/prototype.sarahprofile.com/wp-content/themes/custom_theme/functions.php:295) in /home/txdsfroc/prototype.sarahprofile.com/wp-content/themes/custom_theme/functions.php on line 311

2023-05-23T13:21:33+00:00 CRITICAL Cannot redeclare handle_custom_form_submission() (previously declared in /home/txdsfroc/prototype.sarahprofile.com/wp-content/themes/custom_theme/functions.php:295) in /home/txdsfroc/prototype.sarahprofile.com/wp-content/themes/custom_theme/functions.php on line 311

2023-05-23T13:21:48+00:00 CRITICAL Cannot redeclare handle_custom_form_submission() (previously declared in /home/txdsfroc/prototype.sarahprofile.com/wp-content/themes/custom_theme/functions.php:295) in /home/txdsfroc/prototype.sarahprofile.com/wp-content/themes/custom_theme/functions.php on line 311

2023-05-23T13:22:12+00:00 CRITICAL Cannot redeclare handle_custom_form_submission() (previously declared in /home/txdsfroc/prototype.sarahprofile.com/wp-content/themes/custom_theme/functions.php:295) in /home/txdsfroc/prototype.sarahprofile.com/wp-content/themes/custom_theme/functions.php on line 311

2023-05-23T13:22:18+00:00 CRITICAL Cannot redeclare handle_custom_form_submission() (previously declared in /home/txdsfroc/prototype.sarahprofile.com/wp-content/themes/custom_theme/functions.php:295) in /home/txdsfroc/prototype.sarahprofile.com/wp-content/themes/custom_theme/functions.php on line 311

2023-05-23T13:22:21+00:00 CRITICAL Cannot redeclare handle_custom_form_submission() (previously declared in /home/txdsfroc/prototype.sarahprofile.com/wp-content/themes/custom_theme/functions.php:295) in /home/txdsfroc/prototype.sarahprofile.com/wp-content/themes/custom_theme/functions.php on line 311

2023-05-23T13:24:08+00:00 CRITICAL Cannot redeclare handle_custom_form_submission() (previously declared in /home/txdsfroc/prototype.sarahprofile.com/wp-content/themes/custom_theme/functions.php:295) in /home/txdsfroc/prototype.sarahprofile.com/wp-content/themes/custom_theme/functions.php on line 311

2023-05-23T13:24:22+00:00 CRITICAL Cannot redeclare handle_custom_form_submission() (previously declared in /home/txdsfroc/prototype.sarahprofile.com/wp-content/themes/custom_theme/functions.php:295) in /home/txdsfroc/prototype.sarahprofile.com/wp-content/themes/custom_theme/functions.php on line 311

2023-05-23T13:24:22+00:00 CRITICAL Cannot redeclare handle_custom_form_submission() (previously declared in /home/txdsfroc/prototype.sarahprofile.com/wp-content/themes/custom_theme/functions.php:295) in /home/txdsfroc/prototype.sarahprofile.com/wp-content/themes/custom_theme/functions.php on line 311

2023-05-23T13:26:09+00:00 CRITICAL Cannot redeclare handle_custom_form_submission() (previously declared in /home/txdsfroc/prototype.sarahprofile.com/wp-content/themes/custom_theme/functions.php:295) in /home/txdsfroc/prototype.sarahprofile.com/wp-content/themes/custom_theme/functions.php on line 311

2023-05-23T13:26:27+00:00 CRITICAL Cannot redeclare handle_custom_form_submission() (previously declared in /home/txdsfroc/prototype.sarahprofile.com/wp-content/themes/custom_theme/functions.php:295) in /home/txdsfroc/prototype.sarahprofile.com/wp-content/themes/custom_theme/functions.php on line 311

2023-05-23T13:26:28+00:00 CRITICAL Cannot redeclare handle_custom_form_submission() (previously declared in /home/txdsfroc/prototype.sarahprofile.com/wp-content/themes/custom_theme/functions.php:295) in /home/txdsfroc/prototype.sarahprofile.com/wp-content/themes/custom_theme/functions.php on line 311

2023-05-23T13:28:00+00:00 CRITICAL Cannot redeclare handle_custom_form_submission() (previously declared in /home/txdsfroc/prototype.sarahprofile.com/wp-content/themes/custom_theme/functions.php:295) in /home/txdsfroc/prototype.sarahprofile.com/wp-content/themes/custom_theme/functions.php on line 311

2023-05-23T13:28:04+00:00 CRITICAL Cannot redeclare handle_custom_form_submission() (previously declared in /home/txdsfroc/prototype.sarahprofile.com/wp-content/themes/custom_theme/functions.php:295) in /home/txdsfroc/prototype.sarahprofile.com/wp-content/themes/custom_theme/functions.php on line 311

2023-05-23T13:28:21+00:00 CRITICAL Cannot redeclare handle_custom_form_submission() (previously declared in /home/txdsfroc/prototype.sarahprofile.com/wp-content/themes/custom_theme/functions.php:295) in /home/txdsfroc/prototype.sarahprofile.com/wp-content/themes/custom_theme/functions.php on line 311

2023-05-23T13:28:22+00:00 CRITICAL Cannot redeclare handle_custom_form_submission() (previously declared in /home/txdsfroc/prototype.sarahprofile.com/wp-content/themes/custom_theme/functions.php:295) in /home/txdsfroc/prototype.sarahprofile.com/wp-content/themes/custom_theme/functions.php on line 311

2023-05-23T13:28:25+00:00 CRITICAL Cannot redeclare handle_custom_form_submission() (previously declared in /home/txdsfroc/prototype.sarahprofile.com/wp-content/themes/custom_theme/functions.php:295) in /home/txdsfroc/prototype.sarahprofile.com/wp-content/themes/custom_theme/functions.php on line 311

2023-05-23T13:28:27+00:00 CRITICAL Cannot redeclare handle_custom_form_submission() (previously declared in /home/txdsfroc/prototype.sarahprofile.com/wp-content/themes/custom_theme/functions.php:295) in /home/txdsfroc/prototype.sarahprofile.com/wp-content/themes/custom_theme/functions.php on line 311

2023-05-23T13:28:50+00:00 CRITICAL Uncaught Error: Call to undefined function get_field() in /home/txdsfroc/prototype.sarahprofile.com/wp-content/themes/custom_theme/single-product.php:13
Stack trace:
#0 /home/txdsfroc/prototype.sarahprofile.com/wp-includes/template-loader.php(106): include()
#1 /home/txdsfroc/prototype.sarahprofile.com/wp-blog-header.php(19): require_once('/home/txdsfroc/...')
#2 /home/txdsfroc/prototype.sarahprofile.com/index.php(17): require('/home/txdsfroc/...')
#3 {main}
  thrown in /home/txdsfroc/prototype.sarahprofile.com/wp-content/themes/custom_theme/single-product.php on line 13

2023-05-23T15:26:40+00:00 CRITICAL Uncaught Error: Call to undefined function get_field() in /home/txdsfroc/prototype.sarahprofile.com/wp-content/themes/custom_theme/single-product.php:13
Stack trace:
#0 /home/txdsfroc/prototype.sarahprofile.com/wp-includes/template-loader.php(106): include()
#1 /home/txdsfroc/prototype.sarahprofile.com/wp-blog-header.php(19): require_once('/home/txdsfroc/...')
#2 /home/txdsfroc/prototype.sarahprofile.com/index.php(17): require('/home/txdsfroc/...')
#3 {main}
  thrown in /home/txdsfroc/prototype.sarahprofile.com/wp-content/themes/custom_theme/single-product.php on line 13

